[     572ms] [INFO] %cDownload the React DevTools for a better development experience: https://react.dev/link/react-devtools font-weight:bold @ http://localhost:3000/_next/static/chunks/node_modules_next_dist_115brz8._.js:2431
[     634ms] [LOG] [HMR] connected @ http://localhost:3000/_next/static/chunks/node_modules_next_dist_115brz8._.js:2431
[     706ms] [ERROR] A tree hydrated but some attributes of the server rendered HTML didn't match the client properties. This won't be patched up. This can happen if a SSR-ed Client Component used:

- A server/client branch `if (typeof window !== 'undefined')`.
- Variable input such as `Date.now()` or `Math.random()` which changes each time it's called.
- Date formatting in a user's locale which doesn't match the server.
- External changing data without sending a snapshot of it along with the HTML.
- Invalid HTML tag nesting.

It can also happen if the client has a browser extension installed which messes with the HTML before React loaded.

%s%s https://react.dev/link/hydration-mismatch 

  ...
    <HotReload globalError={[...]} webSocket={WebSocket} staticIndicatorState={{pathname:null, ...}}>
      <AppDevOverlayErrorBoundary globalError={[...]}>
        <ReplaySsrOnlyErrors>
        <DevRootHTTPAccessFallbackBoundary>
          <HTTPAccessFallbackBoundary notFound={<NotAllowedRootHTTPFallbackError>}>
            <HTTPAccessFallbackErrorBoundary pathname="/login" notFound={<NotAllowedRootHTTPFallbackError>} ...>
              <RedirectBoundary>
                <RedirectErrorBoundary router={{...}}>
                  <Head>
                  <__next_root_layout_boundary__>
                    <SegmentViewNode type="layout" pagePath="layout.tsx">
                      <SegmentTrieNode>
                      <link>
                      <script>
                      <script>
                      <script>
                      <RootLayout>
                        <html
                          lang="en"
+                         data-theme="dark"
-                         data-theme="light"
+                         className="geist_a71539c9-module__T19VSG__variable geist_mono_8d43a2aa-module__8Li5zG__varia..."
-                         className="geist_a71539c9-module__T19VSG__variable geist_mono_8d43a2aa-module__8Li5zG__varia..."
                        >
                  ...
 @ http://localhost:3000/_next/static/chunks/node_modules_next_dist_115brz8._.js:3272
[  117314ms] [LOG] [Fast Refresh] rebuilding @ http://localhost:3000/_next/static/chunks/node_modules_next_dist_115brz8._.js:2431
[  118237ms] [ERROR] WebSocket connection to 'ws://localhost:3000/_next/webpack-hmr?id=xVgRvKQZLHBnyUoofTIYg' failed: Error in connection establishment: net::ERR_CONNECTION_REFUSED @ http://localhost:3000/_next/static/chunks/node_modules_next_dist_client_0fhqo1d._.js:13299
[  119241ms] [ERROR] WebSocket connection to 'ws://localhost:3000/_next/webpack-hmr?id=xVgRvKQZLHBnyUoofTIYg' failed: Error in connection establishment: net::ERR_CONNECTION_REFUSED @ http://localhost:3000/_next/static/chunks/node_modules_next_dist_client_0fhqo1d._.js:13299
[  120244ms] [ERROR] WebSocket connection to 'ws://localhost:3000/_next/webpack-hmr?id=xVgRvKQZLHBnyUoofTIYg' failed: Error in connection establishment: net::ERR_CONNECTION_REFUSED @ http://localhost:3000/_next/static/chunks/node_modules_next_dist_client_0fhqo1d._.js:13299
[  121249ms] [ERROR] WebSocket connection to 'ws://localhost:3000/_next/webpack-hmr?id=xVgRvKQZLHBnyUoofTIYg' failed: Error in connection establishment: net::ERR_CONNECTION_REFUSED @ http://localhost:3000/_next/static/chunks/node_modules_next_dist_client_0fhqo1d._.js:13299
[  122252ms] [ERROR] WebSocket connection to 'ws://localhost:3000/_next/webpack-hmr?id=xVgRvKQZLHBnyUoofTIYg' failed: Error in connection establishment: net::ERR_CONNECTION_REFUSED @ http://localhost:3000/_next/static/chunks/node_modules_next_dist_client_0fhqo1d._.js:13299
[  127258ms] [ERROR] WebSocket connection to 'ws://localhost:3000/_next/webpack-hmr?id=xVgRvKQZLHBnyUoofTIYg' failed: Error in connection establishment: net::ERR_CONNECTION_REFUSED @ http://localhost:3000/_next/static/chunks/node_modules_next_dist_client_0fhqo1d._.js:13299
[  132262ms] [ERROR] WebSocket connection to 'ws://localhost:3000/_next/webpack-hmr?id=xVgRvKQZLHBnyUoofTIYg' failed: Error in connection establishment: net::ERR_CONNECTION_REFUSED @ http://localhost:3000/_next/static/chunks/node_modules_next_dist_client_0fhqo1d._.js:13299
[  137265ms] [ERROR] WebSocket connection to 'ws://localhost:3000/_next/webpack-hmr?id=xVgRvKQZLHBnyUoofTIYg' failed: Error in connection establishment: net::ERR_CONNECTION_REFUSED @ http://localhost:3000/_next/static/chunks/node_modules_next_dist_client_0fhqo1d._.js:13299
[  142269ms] [ERROR] WebSocket connection to 'ws://localhost:3000/_next/webpack-hmr?id=xVgRvKQZLHBnyUoofTIYg' failed: Error in connection establishment: net::ERR_CONNECTION_REFUSED @ http://localhost:3000/_next/static/chunks/node_modules_next_dist_client_0fhqo1d._.js:13299
[  147273ms] [ERROR] WebSocket connection to 'ws://localhost:3000/_next/webpack-hmr?id=xVgRvKQZLHBnyUoofTIYg' failed: Error in connection establishment: net::ERR_CONNECTION_REFUSED @ http://localhost:3000/_next/static/chunks/node_modules_next_dist_client_0fhqo1d._.js:13299
[  152281ms] [ERROR] WebSocket connection to 'ws://localhost:3000/_next/webpack-hmr?id=xVgRvKQZLHBnyUoofTIYg' failed: Error in connection establishment: net::ERR_CONNECTION_REFUSED @ http://localhost:3000/_next/static/chunks/node_modules_next_dist_client_0fhqo1d._.js:13299
[  157289ms] [ERROR] WebSocket connection to 'ws://localhost:3000/_next/webpack-hmr?id=xVgRvKQZLHBnyUoofTIYg' failed: Error in connection establishment: net::ERR_CONNECTION_REFUSED @ http://localhost:3000/_next/static/chunks/node_modules_next_dist_client_0fhqo1d._.js:13299
